c:\irvine\examples\project_sample\debug\main.obj
c:\irvine\examples\project_sample\debug\asm_project.ilk
c:\irvine\examples\project_sample\debug\asm_project.exe
c:\irvine\examples\project_sample\debug\asm_project.pdb
c:\irvine\examples\project_sample\debug\asm_project.write.1.tlog
c:\irvine\examples\project_sample\debug\link-cvtres.read.1.tlog
c:\irvine\examples\project_sample\debug\link-cvtres.write.1.tlog
c:\irvine\examples\project_sample\debug\link-rc.read.1.tlog
c:\irvine\examples\project_sample\debug\link-rc.write.1.tlog
c:\irvine\examples\project_sample\debug\link.5756-cvtres.read.1.tlog
c:\irvine\examples\project_sample\debug\link.5756-cvtres.write.1.tlog
c:\irvine\examples\project_sample\debug\link.5756-rc.read.1.tlog
c:\irvine\examples\project_sample\debug\link.5756-rc.write.1.tlog
c:\irvine\examples\project_sample\debug\link.5756.read.1.tlog
c:\irvine\examples\project_sample\debug\link.5756.write.1.tlog
c:\irvine\examples\project_sample\debug\link.command.1.tlog
c:\irvine\examples\project_sample\debug\link.read.1.tlog
c:\irvine\examples\project_sample\debug\link.write.1.tlog
c:\irvine\examples\project_sample\debug\asm_project.tlog\link.command.1.tlog
c:\irvine\examples\project_sample\debug\asm_project.tlog\link.read.1.tlog
c:\irvine\examples\project_sample\debug\asm_project.tlog\link.write.1.tlog
c:\irvine\examples\project_sample\debug\asm_project.tlog\masm.read.1u.tlog
c:\irvine\examples\project_sample\debug\asm_project.tlog\masm.write.1u.tlog
